19/01/31 14:57:56 INFO namenode.NameNode: STARTUP_MSG: 
/************************************************************
STARTUP_MSG: Starting NameNode
STARTUP_MSG:   user = zl4dc
STARTUP_MSG:   host = shen-52.cs.virginia.edu/128.143.137.66
STARTUP_MSG:   args = []
STARTUP_MSG:   version = 2.8.4
STARTUP_MSG:   classpath = /localtmp/experiment_zl/namenode/etc/hadoop:/localtmp/experiment_zl/namenode/share/hadoop/common/lib/json-smart-1.3.1.jar:/localtmp/experiment_zl/namenode/share/hadoop/common/lib/gson-2.2.4.jar:/localtmp/experiment_zl/namenode/share/hadoop/common/lib/jersey-core-1.9.jar:/localtmp/experiment_zl/namenode/share/hadoop/common/lib/commons-logging-1.1.3.jar:/localtmp/experiment_zl/namenode/share/hadoop/common/lib/commons-beanutils-1.7.0.jar:/localtmp/experiment_zl/namenode/share/hadoop/common/lib/slf4j-api-1.7.10.jar:/localtmp/experiment_zl/namenode/share/hadoop/common/lib/jcip-annotations-1.0-1.jar:/localtmp/experiment_zl/namenode/share/hadoop/common/lib/protobuf-java-2.5.0.jar:/localtmp/experiment_zl/namenode/share/hadoop/common/lib/commons-net-3.1.jar:/localtmp/experiment_zl/namenode/share/hadoop/common/lib/commons-compress-1.4.1.jar:/localtmp/experiment_zl/namenode/share/hadoop/common/lib/curator-recipes-2.7.1.jar:/localtmp/experiment_zl/namenode/share/hadoop/common/lib/jaxb-impl-2.2.3-1.jar:/localtmp/experiment_zl/namenode/share/hadoop/common/lib/guava-11.0.2.jar:/localtmp/experiment_zl/namenode/share/hadoop/common/lib/xmlenc-0.52.jar:/localtmp/experiment_zl/namenode/share/hadoop/common/lib/commons-math3-3.1.1.jar:/localtmp/experiment_zl/namenode/share/hadoop/common/lib/asm-3.2.jar:/localtmp/experiment_zl/namenode/share/hadoop/common/lib/xz-1.0.jar:/localtmp/experiment_zl/namenode/share/hadoop/common/lib/apacheds-i18n-2.0.0-M15.jar:/localtmp/experiment_zl/namenode/share/hadoop/common/lib/hadoop-auth-2.8.4.jar:/localtmp/experiment_zl/namenode/share/hadoop/common/lib/java-xmlbuilder-0.4.jar:/localtmp/experiment_zl/namenode/share/hadoop/common/lib/jaxb-api-2.2.2.jar:/localtmp/experiment_zl/namenode/share/hadoop/common/lib/activation-1.1.jar:/localtmp/experiment_zl/namenode/share/hadoop/common/lib/httpcore-4.4.4.jar:/localtmp/experiment_zl/namenode/share/hadoop/common/lib/commons-codec-1.4.jar:/localtmp/experiment_zl/namenode/share/hadoop/common/lib/jets3t-0.9.0.jar:/localtmp/experiment_zl/namenode/share/hadoop/common/lib/commons-io-2.4.jar:/localtmp/experiment_zl/namenode/share/hadoop/common/lib/jackson-jaxrs-1.9.13.jar:/localtmp/experiment_zl/namenode/share/hadoop/common/lib/jersey-server-1.9.jar:/localtmp/experiment_zl/namenode/share/hadoop/common/lib/curator-client-2.7.1.jar:/localtmp/experiment_zl/namenode/share/hadoop/common/lib/jetty-util-6.1.26.jar:/localtmp/experiment_zl/namenode/share/hadoop/common/lib/log4j-1.2.17.jar:/localtmp/experiment_zl/namenode/share/hadoop/common/lib/jetty-sslengine-6.1.26.jar:/localtmp/experiment_zl/namenode/share/hadoop/common/lib/jersey-json-1.9.jar:/localtmp/experiment_zl/namenode/share/hadoop/common/lib/jackson-core-asl-1.9.13.jar:/localtmp/experiment_zl/namenode/share/hadoop/common/lib/zookeeper-3.4.6.jar:/localtmp/experiment_zl/namenode/share/hadoop/common/lib/curator-framework-2.7.1.jar:/localtmp/experiment_zl/namenode/share/hadoop/common/lib/jsch-0.1.54.jar:/localtmp/experiment_zl/namenode/share/hadoop/common/lib/paranamer-2.3.jar:/localtmp/experiment_zl/namenode/share/hadoop/common/lib/jackson-xc-1.9.13.jar:/localtmp/experiment_zl/namenode/share/hadoop/common/lib/commons-cli-1.2.jar:/localtmp/experiment_zl/namenode/share/hadoop/common/lib/commons-configuration-1.6.jar:/localtmp/experiment_zl/namenode/share/hadoop/common/lib/api-asn1-api-1.0.0-M20.jar:/localtmp/experiment_zl/namenode/share/hadoop/common/lib/commons-lang-2.6.jar:/localtmp/experiment_zl/namenode/share/hadoop/common/lib/commons-beanutils-core-1.8.0.jar:/localtmp/experiment_zl/namenode/share/hadoop/common/lib/junit-4.11.jar:/localtmp/experiment_zl/namenode/share/hadoop/common/lib/hamcrest-core-1.3.jar:/localtmp/experiment_zl/namenode/share/hadoop/common/lib/jackson-mapper-asl-1.9.13.jar:/localtmp/experiment_zl/namenode/share/hadoop/common/lib/commons-collections-3.2.2.jar:/localtmp/experiment_zl/namenode/share/hadoop/common/lib/hadoop-annotations-2.8.4.jar:/localtmp/experiment_zl/namenode/share/hadoop/common/lib/slf4j-log4j12-1.7.10.jar:/localtmp/experiment_zl/namenode/share/hadoop/common/lib/jsp-api-2.1.jar:/localtmp/experiment_zl/namenode/share/hadoop/common/lib/netty-3.6.2.Final.jar:/localtmp/experiment_zl/namenode/share/hadoop/common/lib/mockito-all-1.8.5.jar:/localtmp/experiment_zl/namenode/share/hadoop/common/lib/snappy-java-1.0.4.1.jar:/localtmp/experiment_zl/namenode/share/hadoop/common/lib/jsr305-3.0.0.jar:/localtmp/experiment_zl/namenode/share/hadoop/common/lib/avro-1.7.4.jar:/localtmp/experiment_zl/namenode/share/hadoop/common/lib/api-util-1.0.0-M20.jar:/localtmp/experiment_zl/namenode/share/hadoop/common/lib/stax-api-1.0-2.jar:/localtmp/experiment_zl/namenode/share/hadoop/common/lib/htrace-core4-4.0.1-incubating.jar:/localtmp/experiment_zl/namenode/share/hadoop/common/lib/commons-digester-1.8.jar:/localtmp/experiment_zl/namenode/share/hadoop/common/lib/jettison-1.1.jar:/localtmp/experiment_zl/namenode/share/hadoop/common/lib/jetty-6.1.26.jar:/localtmp/experiment_zl/namenode/share/hadoop/common/lib/servlet-api-2.5.jar:/localtmp/experiment_zl/namenode/share/hadoop/common/lib/nimbus-jose-jwt-4.41.1.jar:/localtmp/experiment_zl/namenode/share/hadoop/common/lib/httpclient-4.5.2.jar:/localtmp/experiment_zl/namenode/share/hadoop/common/lib/apacheds-kerberos-codec-2.0.0-M15.jar:/localtmp/experiment_zl/namenode/share/hadoop/common/hadoop-common-2.8.4-tests.jar:/localtmp/experiment_zl/namenode/share/hadoop/common/hadoop-nfs-2.8.4.jar:/localtmp/experiment_zl/namenode/share/hadoop/common/hadoop-common-2.8.4.jar:/localtmp/experiment_zl/namenode/share/hadoop/hdfs:/localtmp/experiment_zl/namenode/share/hadoop/hdfs/lib/jersey-core-1.9.jar:/localtmp/experiment_zl/namenode/share/hadoop/hdfs/lib/commons-logging-1.1.3.jar:/localtmp/experiment_zl/namenode/share/hadoop/hdfs/lib/okio-1.4.0.jar:/localtmp/experiment_zl/namenode/share/hadoop/hdfs/lib/protobuf-java-2.5.0.jar:/localtmp/experiment_zl/namenode/share/hadoop/hdfs/lib/guava-11.0.2.jar:/localtmp/experiment_zl/namenode/share/hadoop/hdfs/lib/xmlenc-0.52.jar:/localtmp/experiment_zl/namenode/share/hadoop/hdfs/lib/hadoop-hdfs-client-2.8.4.jar:/localtmp/experiment_zl/namenode/share/hadoop/hdfs/lib/asm-3.2.jar:/localtmp/experiment_zl/namenode/share/hadoop/hdfs/lib/commons-codec-1.4.jar:/localtmp/experiment_zl/namenode/share/hadoop/hdfs/lib/leveldbjni-all-1.8.jar:/localtmp/experiment_zl/namenode/share/hadoop/hdfs/lib/commons-io-2.4.jar:/localtmp/experiment_zl/namenode/share/hadoop/hdfs/lib/jersey-server-1.9.jar:/localtmp/experiment_zl/namenode/share/hadoop/hdfs/lib/jetty-util-6.1.26.jar:/localtmp/experiment_zl/namenode/share/hadoop/hdfs/lib/log4j-1.2.17.jar:/localtmp/experiment_zl/namenode/share/hadoop/hdfs/lib/xml-apis-1.3.04.jar:/localtmp/experiment_zl/namenode/share/hadoop/hdfs/lib/xercesImpl-2.9.1.jar:/localtmp/experiment_zl/namenode/share/hadoop/hdfs/lib/netty-all-4.0.23.Final.jar:/localtmp/experiment_zl/namenode/share/hadoop/hdfs/lib/jackson-core-asl-1.9.13.jar:/localtmp/experiment_zl/namenode/share/hadoop/hdfs/lib/okhttp-2.4.0.jar:/localtmp/experiment_zl/namenode/share/hadoop/hdfs/lib/commons-cli-1.2.jar:/localtmp/experiment_zl/namenode/share/hadoop/hdfs/lib/commons-lang-2.6.jar:/localtmp/experiment_zl/namenode/share/hadoop/hdfs/lib/jackson-mapper-asl-1.9.13.jar:/localtmp/experiment_zl/namenode/share/hadoop/hdfs/lib/netty-3.6.2.Final.jar:/localtmp/experiment_zl/namenode/share/hadoop/hdfs/lib/jsr305-3.0.0.jar:/localtmp/experiment_zl/namenode/share/hadoop/hdfs/lib/htrace-core4-4.0.1-incubating.jar:/localtmp/experiment_zl/namenode/share/hadoop/hdfs/lib/jetty-6.1.26.jar:/localtmp/experiment_zl/namenode/share/hadoop/hdfs/lib/servlet-api-2.5.jar:/localtmp/experiment_zl/namenode/share/hadoop/hdfs/lib/commons-daemon-1.0.13.jar:/localtmp/experiment_zl/namenode/share/hadoop/hdfs/hadoop-hdfs-native-client-2.8.4-tests.jar:/localtmp/experiment_zl/namenode/share/hadoop/hdfs/hadoop-hdfs-2.8.4-tests.jar:/localtmp/experiment_zl/namenode/share/hadoop/hdfs/hadoop-hdfs-client-2.8.4.jar:/localtmp/experiment_zl/namenode/share/hadoop/hdfs/hadoop-hdfs-native-client-2.8.4.jar:/localtmp/experiment_zl/namenode/share/hadoop/hdfs/hadoop-hdfs-client-2.8.4-tests.jar:/localtmp/experiment_zl/namenode/share/hadoop/hdfs/hadoop-hdfs-2.8.4.jar:/localtmp/experiment_zl/namenode/share/hadoop/hdfs/hadoop-hdfs-nfs-2.8.4.jar:/localtmp/experiment_zl/namenode/share/hadoop/yarn/lib/javassist-3.18.1-GA.jar:/localtmp/experiment_zl/namenode/share/hadoop/yarn/lib/jersey-core-1.9.jar:/localtmp/experiment_zl/namenode/share/hadoop/yarn/lib/commons-logging-1.1.3.jar:/localtmp/experiment_zl/namenode/share/hadoop/yarn/lib/protobuf-java-2.5.0.jar:/localtmp/experiment_zl/namenode/share/hadoop/yarn/lib/commons-compress-1.4.1.jar:/localtmp/experiment_zl/namenode/share/hadoop/yarn/lib/jaxb-impl-2.2.3-1.jar:/localtmp/experiment_zl/namenode/share/hadoop/yarn/lib/guava-11.0.2.jar:/localtmp/experiment_zl/namenode/share/hadoop/yarn/lib/asm-3.2.jar:/localtmp/experiment_zl/namenode/share/hadoop/yarn/lib/xz-1.0.jar:/localtmp/experiment_zl/namenode/share/hadoop/yarn/lib/jaxb-api-2.2.2.jar:/localtmp/experiment_zl/namenode/share/hadoop/yarn/lib/activation-1.1.jar:/localtmp/experiment_zl/namenode/share/hadoop/yarn/lib/commons-codec-1.4.jar:/localtmp/experiment_zl/namenode/share/hadoop/yarn/lib/leveldbjni-all-1.8.jar:/localtmp/experiment_zl/namenode/share/hadoop/yarn/lib/javax.inject-1.jar:/localtmp/experiment_zl/namenode/share/hadoop/yarn/lib/commons-io-2.4.jar:/localtmp/experiment_zl/namenode/share/hadoop/yarn/lib/jackson-jaxrs-1.9.13.jar:/localtmp/experiment_zl/namenode/share/hadoop/yarn/lib/java-util-1.9.0.jar:/localtmp/experiment_zl/namenode/share/hadoop/yarn/lib/jersey-server-1.9.jar:/localtmp/experiment_zl/namenode/share/hadoop/yarn/lib/curator-client-2.7.1.jar:/localtmp/experiment_zl/namenode/share/hadoop/yarn/lib/jetty-util-6.1.26.jar:/localtmp/experiment_zl/namenode/share/hadoop/yarn/lib/log4j-1.2.17.jar:/localtmp/experiment_zl/namenode/share/hadoop/yarn/lib/guice-3.0.jar:/localtmp/experiment_zl/namenode/share/hadoop/yarn/lib/jersey-json-1.9.jar:/localtmp/experiment_zl/namenode/share/hadoop/yarn/lib/json-io-2.5.1.jar:/localtmp/experiment_zl/namenode/share/hadoop/yarn/lib/jackson-core-asl-1.9.13.jar:/localtmp/experiment_zl/namenode/share/hadoop/yarn/lib/zookeeper-3.4.6.jar:/localtmp/experiment_zl/namenode/share/hadoop/yarn/lib/fst-2.50.jar:/localtmp/experiment_zl/namenode/share/hadoop/yarn/lib/jersey-client-1.9.jar:/localtmp/experiment_zl/namenode/share/hadoop/yarn/lib/commons-math-2.2.jar:/localtmp/experiment_zl/namenode/share/hadoop/yarn/lib/jackson-xc-1.9.13.jar:/localtmp/experiment_zl/namenode/share/hadoop/yarn/lib/commons-cli-1.2.jar:/localtmp/experiment_zl/namenode/share/hadoop/yarn/lib/jersey-guice-1.9.jar:/localtmp/experiment_zl/namenode/share/hadoop/yarn/lib/commons-lang-2.6.jar:/localtmp/experiment_zl/namenode/share/hadoop/yarn/lib/zookeeper-3.4.6-tests.jar:/localtmp/experiment_zl/namenode/share/hadoop/yarn/lib/jackson-mapper-asl-1.9.13.jar:/localtmp/experiment_zl/namenode/share/hadoop/yarn/lib/commons-collections-3.2.2.jar:/localtmp/experiment_zl/namenode/share/hadoop/yarn/lib/netty-3.6.2.Final.jar:/localtmp/experiment_zl/namenode/share/hadoop/yarn/lib/guice-servlet-3.0.jar:/localtmp/experiment_zl/namenode/share/hadoop/yarn/lib/jsr305-3.0.0.jar:/localtmp/experiment_zl/namenode/share/hadoop/yarn/lib/stax-api-1.0-2.jar:/localtmp/experiment_zl/namenode/share/hadoop/yarn/lib/jettison-1.1.jar:/localtmp/experiment_zl/namenode/share/hadoop/yarn/lib/jetty-6.1.26.jar:/localtmp/experiment_zl/namenode/share/hadoop/yarn/lib/servlet-api-2.5.jar:/localtmp/experiment_zl/namenode/share/hadoop/yarn/lib/aopalliance-1.0.jar:/localtmp/experiment_zl/namenode/share/hadoop/yarn/lib/curator-test-2.7.1.jar:/localtmp/experiment_zl/namenode/share/hadoop/yarn/hadoop-yarn-applications-distributedshell-2.8.4.jar:/localtmp/experiment_zl/namenode/share/hadoop/yarn/hadoop-yarn-applications-unmanaged-am-launcher-2.8.4.jar:/localtmp/experiment_zl/namenode/share/hadoop/yarn/hadoop-yarn-server-web-proxy-2.8.4.jar:/localtmp/experiment_zl/namenode/share/hadoop/yarn/hadoop-yarn-server-nodemanager-2.8.4.jar:/localtmp/experiment_zl/namenode/share/hadoop/yarn/hadoop-yarn-server-tests-2.8.4.jar:/localtmp/experiment_zl/namenode/share/hadoop/yarn/hadoop-yarn-server-common-2.8.4.jar:/localtmp/experiment_zl/namenode/share/hadoop/yarn/hadoop-yarn-server-resourcemanager-2.8.4.jar:/localtmp/experiment_zl/namenode/share/hadoop/yarn/hadoop-yarn-common-2.8.4.jar:/localtmp/experiment_zl/namenode/share/hadoop/yarn/hadoop-yarn-server-applicationhistoryservice-2.8.4.jar:/localtmp/experiment_zl/namenode/share/hadoop/yarn/hadoop-yarn-api-2.8.4.jar:/localtmp/experiment_zl/namenode/share/hadoop/yarn/hadoop-yarn-server-timeline-pluginstorage-2.8.4.jar:/localtmp/experiment_zl/namenode/share/hadoop/yarn/hadoop-yarn-registry-2.8.4.jar:/localtmp/experiment_zl/namenode/share/hadoop/yarn/hadoop-yarn-client-2.8.4.jar:/localtmp/experiment_zl/namenode/share/hadoop/yarn/hadoop-yarn-server-sharedcachemanager-2.8.4.jar:/localtmp/experiment_zl/namenode/share/hadoop/mapreduce/lib/jersey-core-1.9.jar:/localtmp/experiment_zl/namenode/share/hadoop/mapreduce/lib/protobuf-java-2.5.0.jar:/localtmp/experiment_zl/namenode/share/hadoop/mapreduce/lib/commons-compress-1.4.1.jar:/localtmp/experiment_zl/namenode/share/hadoop/mapreduce/lib/asm-3.2.jar:/localtmp/experiment_zl/namenode/share/hadoop/mapreduce/lib/xz-1.0.jar:/localtmp/experiment_zl/namenode/share/hadoop/mapreduce/lib/leveldbjni-all-1.8.jar:/localtmp/experiment_zl/namenode/share/hadoop/mapreduce/lib/javax.inject-1.jar:/localtmp/experiment_zl/namenode/share/hadoop/mapreduce/lib/commons-io-2.4.jar:/localtmp/experiment_zl/namenode/share/hadoop/mapreduce/lib/jersey-server-1.9.jar:/localtmp/experiment_zl/namenode/share/hadoop/mapreduce/lib/log4j-1.2.17.jar:/localtmp/experiment_zl/namenode/share/hadoop/mapreduce/lib/guice-3.0.jar:/localtmp/experiment_zl/namenode/share/hadoop/mapreduce/lib/jackson-core-asl-1.9.13.jar:/localtmp/experiment_zl/namenode/share/hadoop/mapreduce/lib/paranamer-2.3.jar:/localtmp/experiment_zl/namenode/share/hadoop/mapreduce/lib/jersey-guice-1.9.jar:/localtmp/experiment_zl/namenode/share/hadoop/mapreduce/lib/junit-4.11.jar:/localtmp/experiment_zl/namenode/share/hadoop/mapreduce/lib/hamcrest-core-1.3.jar:/localtmp/experiment_zl/namenode/share/hadoop/mapreduce/lib/jackson-mapper-asl-1.9.13.jar:/localtmp/experiment_zl/namenode/share/hadoop/mapreduce/lib/hadoop-annotations-2.8.4.jar:/localtmp/experiment_zl/namenode/share/hadoop/mapreduce/lib/netty-3.6.2.Final.jar:/localtmp/experiment_zl/namenode/share/hadoop/mapreduce/lib/snappy-java-1.0.4.1.jar:/localtmp/experiment_zl/namenode/share/hadoop/mapreduce/lib/guice-servlet-3.0.jar:/localtmp/experiment_zl/namenode/share/hadoop/mapreduce/lib/avro-1.7.4.jar:/localtmp/experiment_zl/namenode/share/hadoop/mapreduce/lib/aopalliance-1.0.jar:/localtmp/experiment_zl/namenode/share/hadoop/mapreduce/hadoop-mapreduce-client-jobclient-2.8.4.jar:/localtmp/experiment_zl/namenode/share/hadoop/mapreduce/hadoop-mapreduce-client-hs-2.8.4.jar:/localtmp/experiment_zl/namenode/share/hadoop/mapreduce/hadoop-mapreduce-client-app-2.8.4.jar:/localtmp/experiment_zl/namenode/share/hadoop/mapreduce/hadoop-mapreduce-client-common-2.8.4.jar:/localtmp/experiment_zl/namenode/share/hadoop/mapreduce/hadoop-mapreduce-client-jobclient-2.8.4-tests.jar:/localtmp/experiment_zl/namenode/share/hadoop/mapreduce/hadoop-mapreduce-examples-2.8.4.jar:/localtmp/experiment_zl/namenode/share/hadoop/mapreduce/hadoop-mapreduce-client-core-2.8.4.jar:/localtmp/experiment_zl/namenode/share/hadoop/mapreduce/hadoop-mapreduce-client-hs-plugins-2.8.4.jar:/localtmp/experiment_zl/namenode/share/hadoop/mapreduce/hadoop-mapreduce-client-shuffle-2.8.4.jar:/contrib/capacity-scheduler/*.jar
STARTUP_MSG:   build = Unknown -r Unknown; compiled by 'zl4dc' on 2019-01-26T21:35Z
STARTUP_MSG:   java = 1.8.0_181
************************************************************/
19/01/31 14:57:56 INFO namenode.NameNode: registered UNIX signal handlers for [TERM, HUP, INT]
19/01/31 14:57:56 INFO namenode.NameNode: createNameNode []
19/01/31 14:57:57 INFO impl.MetricsConfig: loaded properties from hadoop-metrics2.properties
19/01/31 14:57:57 INFO impl.MetricsSystemImpl: Scheduled Metric snapshot period at 10 second(s).
19/01/31 14:57:57 INFO impl.MetricsSystemImpl: NameNode metrics system started
create single file/u/zl4dc/port dest file already exists!
create single file/u/zl4dc/order dest file already exists!
19/01/31 14:57:57 INFO namenode.NameNode: fs.defaultFS is hdfs://shen-52:9000
19/01/31 14:57:57 INFO namenode.NameNode: Clients are to use shen-52:9000 to access this namenode/service.
19/01/31 14:57:57 WARN util.NativeCodeLoader: Unable to load native-hadoop library for your platform... using builtin-java classes where applicable
19/01/31 14:57:57 INFO util.JvmPauseMonitor: Starting JVM pause monitor
19/01/31 14:57:57 INFO hdfs.DFSUtil: Starting Web-server for hdfs at: http://0.0.0.0:50070
19/01/31 14:57:57 INFO mortbay.log: Logging to org.slf4j.impl.Log4jLoggerAdapter(org.mortbay.log) via org.mortbay.log.Slf4jLog
19/01/31 14:57:57 INFO server.AuthenticationFilter: Unable to initialize FileSignerSecretProvider, falling back to use random secrets.
19/01/31 14:57:57 INFO http.HttpRequestLog: Http request log for http.requests.namenode is not defined
19/01/31 14:57:57 INFO http.HttpServer2: Added global filter 'safety' (class=org.apache.hadoop.http.HttpServer2$QuotingInputFilter)
19/01/31 14:57:57 INFO http.HttpServer2: Added filter static_user_filter (class=org.apache.hadoop.http.lib.StaticUserWebFilter$StaticUserFilter) to context hdfs
19/01/31 14:57:57 INFO http.HttpServer2: Added filter static_user_filter (class=org.apache.hadoop.http.lib.StaticUserWebFilter$StaticUserFilter) to context logs
19/01/31 14:57:57 INFO http.HttpServer2: Added filter static_user_filter (class=org.apache.hadoop.http.lib.StaticUserWebFilter$StaticUserFilter) to context static
19/01/31 14:57:57 INFO http.HttpServer2: Added filter 'org.apache.hadoop.hdfs.web.AuthFilter' (class=org.apache.hadoop.hdfs.web.AuthFilter)
19/01/31 14:57:57 INFO http.HttpServer2: addJerseyResourcePackage: packageName=org.apache.hadoop.hdfs.server.namenode.web.resources;org.apache.hadoop.hdfs.web.resources, pathSpec=/webhdfs/v1/*
19/01/31 14:57:57 INFO http.HttpServer2: Jetty bound to port 50070
19/01/31 14:57:57 INFO mortbay.log: jetty-6.1.26
19/01/31 14:57:57 INFO mortbay.log: Started HttpServer2$SelectChannelConnectorWithSafeStartup@0.0.0.0:50070
19/01/31 14:57:57 WARN namenode.FSNamesystem: Only one image storage directory (dfs.namenode.name.dir) configured. Beware of data loss due to lack of redundant storage directories!
19/01/31 14:57:57 WARN namenode.FSNamesystem: Only one namespace edits storage directory (dfs.namenode.edits.dir) configured. Beware of data loss due to lack of redundant storage directories!
19/01/31 14:57:57 INFO namenode.FSEditLog: Edit logging is async:true
19/01/31 14:57:57 INFO namenode.FSNamesystem: KeyProvider: null
19/01/31 14:57:57 INFO namenode.FSNamesystem: fsLock is fair: true
19/01/31 14:57:57 INFO namenode.FSNamesystem: Detailed lock hold time metrics enabled: false
19/01/31 14:57:57 INFO blockmanagement.DatanodeManager: dfs.block.invalidate.limit=1000
19/01/31 14:57:57 INFO blockmanagement.DatanodeManager: dfs.namenode.datanode.registration.ip-hostname-check=true
19/01/31 14:57:57 INFO blockmanagement.BlockManager: dfs.namenode.startup.delay.block.deletion.sec is set to 000:00:00:00.000
19/01/31 14:57:57 INFO blockmanagement.BlockManager: The block deletion will start around 2019 Jan 31 14:57:57
19/01/31 14:57:57 INFO util.GSet: Computing capacity for map BlocksMap
19/01/31 14:57:57 INFO util.GSet: VM type       = 64-bit
19/01/31 14:57:57 INFO util.GSet: 2.0% max memory 889 MB = 17.8 MB
19/01/31 14:57:57 INFO util.GSet: capacity      = 2^21 = 2097152 entries
19/01/31 14:57:57 INFO blockmanagement.BlockManager: dfs.block.access.token.enable=false
19/01/31 14:57:57 INFO blockmanagement.BlockManager: defaultReplication         = 1
19/01/31 14:57:57 INFO blockmanagement.BlockManager: maxReplication             = 512
19/01/31 14:57:57 INFO blockmanagement.BlockManager: minReplication             = 1
19/01/31 14:57:57 INFO blockmanagement.BlockManager: maxReplicationStreams      = 2
19/01/31 14:57:57 INFO blockmanagement.BlockManager: replicationRecheckInterval = 3000
19/01/31 14:57:57 INFO blockmanagement.BlockManager: encryptDataTransfer        = false
19/01/31 14:57:57 INFO blockmanagement.BlockManager: maxNumBlocksToLog          = 1000
19/01/31 14:57:57 INFO namenode.FSNamesystem: fsOwner             = zl4dc (auth:SIMPLE)
19/01/31 14:57:57 INFO namenode.FSNamesystem: supergroup          = supergroup
19/01/31 14:57:57 INFO namenode.FSNamesystem: isPermissionEnabled = false
19/01/31 14:57:57 INFO namenode.FSNamesystem: HA Enabled: false
19/01/31 14:57:57 INFO namenode.FSNamesystem: Append Enabled: true
19/01/31 14:57:58 INFO util.GSet: Computing capacity for map INodeMap
19/01/31 14:57:58 INFO util.GSet: VM type       = 64-bit
19/01/31 14:57:58 INFO util.GSet: 1.0% max memory 889 MB = 8.9 MB
19/01/31 14:57:58 INFO util.GSet: capacity      = 2^20 = 1048576 entries
19/01/31 14:57:58 INFO namenode.FSDirectory: ACLs enabled? false
19/01/31 14:57:58 INFO namenode.FSDirectory: XAttrs enabled? true
19/01/31 14:57:58 INFO namenode.NameNode: Caching file names occurring more than 10 times
19/01/31 14:57:58 INFO util.GSet: Computing capacity for map cachedBlocks
19/01/31 14:57:58 INFO util.GSet: VM type       = 64-bit
19/01/31 14:57:58 INFO util.GSet: 0.25% max memory 889 MB = 2.2 MB
19/01/31 14:57:58 INFO util.GSet: capacity      = 2^18 = 262144 entries
19/01/31 14:57:58 INFO namenode.FSNamesystem: dfs.namenode.safemode.threshold-pct = 0.9990000128746033
19/01/31 14:57:58 INFO namenode.FSNamesystem: dfs.namenode.safemode.min.datanodes = 0
19/01/31 14:57:58 INFO namenode.FSNamesystem: dfs.namenode.safemode.extension     = 30000
19/01/31 14:57:58 INFO metrics.TopMetrics: NNTop conf: dfs.namenode.top.window.num.buckets = 10
19/01/31 14:57:58 INFO metrics.TopMetrics: NNTop conf: dfs.namenode.top.num.users = 10
19/01/31 14:57:58 INFO metrics.TopMetrics: NNTop conf: dfs.namenode.top.windows.minutes = 1,5,25
19/01/31 14:57:58 INFO namenode.FSNamesystem: Retry cache on namenode is enabled
19/01/31 14:57:58 INFO namenode.FSNamesystem: Retry cache will use 0.03 of total heap and retry cache entry expiry time is 600000 millis
19/01/31 14:57:58 INFO util.GSet: Computing capacity for map NameNodeRetryCache
19/01/31 14:57:58 INFO util.GSet: VM type       = 64-bit
19/01/31 14:57:58 INFO util.GSet: 0.029999999329447746% max memory 889 MB = 273.1 KB
19/01/31 14:57:58 INFO util.GSet: capacity      = 2^15 = 32768 entries
19/01/31 14:57:58 INFO common.Storage: Lock on /localtmp/experiment_zl/hadoop_tmp/dfs/data/in_use.lock acquired by nodename 17308@shen-52.cs.virginia.edu
19/01/31 14:57:58 INFO namenode.FileJournalManager: Recovering unfinalized segments in /localtmp/experiment_zl/hadoop_tmp/dfs/data/current
19/01/31 14:57:58 INFO namenode.FileJournalManager: Finalizing edits file /localtmp/experiment_zl/hadoop_tmp/dfs/data/current/edits_inprogress_0000000000000000004 -> /localtmp/experiment_zl/hadoop_tmp/dfs/data/current/edits_0000000000000000004-0000000000000000004
19/01/31 14:57:58 INFO namenode.FSImage: Planning to load image: FSImageFile(file=/localtmp/experiment_zl/hadoop_tmp/dfs/data/current/fsimage_0000000000000000002, cpktTxId=0000000000000000002)
19/01/31 14:57:58 INFO namenode.FSImageFormatPBINode: Loading 1 INodes.
19/01/31 14:57:58 INFO namenode.FSImageFormatProtobuf: Loaded FSImage in 0 seconds.
19/01/31 14:57:58 INFO namenode.FSImage: Loaded image for txid 2 from /localtmp/experiment_zl/hadoop_tmp/dfs/data/current/fsimage_0000000000000000002
19/01/31 14:57:58 INFO namenode.FSImage: Reading org.apache.hadoop.hdfs.server.namenode.RedundantEditLogInputStream@1ce61929 expecting start txid #3
19/01/31 14:57:58 INFO namenode.FSImage: Start loading edits file /localtmp/experiment_zl/hadoop_tmp/dfs/data/current/edits_0000000000000000003-0000000000000000003
19/01/31 14:57:58 INFO namenode.EditLogInputStream: Fast-forwarding stream '/localtmp/experiment_zl/hadoop_tmp/dfs/data/current/edits_0000000000000000003-0000000000000000003' to transaction ID 3
19/01/31 14:57:58 INFO namenode.FSImage: Edits file /localtmp/experiment_zl/hadoop_tmp/dfs/data/current/edits_0000000000000000003-0000000000000000003 of size 1048576 edits # 1 loaded in 0 seconds
19/01/31 14:57:58 INFO namenode.FSImage: Reading org.apache.hadoop.hdfs.server.namenode.RedundantEditLogInputStream@346939bf expecting start txid #4
19/01/31 14:57:58 INFO namenode.FSImage: Start loading edits file /localtmp/experiment_zl/hadoop_tmp/dfs/data/current/edits_0000000000000000004-0000000000000000004
19/01/31 14:57:58 INFO namenode.EditLogInputStream: Fast-forwarding stream '/localtmp/experiment_zl/hadoop_tmp/dfs/data/current/edits_0000000000000000004-0000000000000000004' to transaction ID 3
19/01/31 14:57:58 INFO namenode.FSImage: Edits file /localtmp/experiment_zl/hadoop_tmp/dfs/data/current/edits_0000000000000000004-0000000000000000004 of size 1048576 edits # 1 loaded in 0 seconds
19/01/31 14:57:58 INFO namenode.FSNamesystem: Need to save fs image? true (staleImage=true, haEnabled=false, isRollingUpgrade=false)
19/01/31 14:57:58 INFO namenode.FSImage: Save namespace ...
19/01/31 14:57:58 INFO namenode.FSImageFormatProtobuf: Saving image file /localtmp/experiment_zl/hadoop_tmp/dfs/data/current/fsimage.ckpt_0000000000000000004 using no compression
19/01/31 14:57:58 INFO namenode.FSImageFormatProtobuf: Image file /localtmp/experiment_zl/hadoop_tmp/dfs/data/current/fsimage.ckpt_0000000000000000004 of size 322 bytes saved in 0 seconds.
19/01/31 14:57:58 INFO namenode.NNStorageRetentionManager: Going to retain 2 images with txid >= 2
19/01/31 14:57:58 INFO namenode.NNStorageRetentionManager: Purging old image FSImageFile(file=/localtmp/experiment_zl/hadoop_tmp/dfs/data/current/fsimage_0000000000000000000, cpktTxId=0000000000000000000)
19/01/31 14:57:58 INFO namenode.FSEditLog: Starting log segment at 5
19/01/31 14:57:58 INFO namenode.NameCache: initialized with 0 entries 0 lookups
19/01/31 14:57:58 INFO namenode.FSNamesystem: Finished loading FSImage in 326 msecs
19/01/31 14:57:58 INFO namenode.NameNode: RPC server is binding to shen-52:9000
19/01/31 14:57:58 INFO ipc.CallQueueManager: Using callQueue: class java.util.concurrent.LinkedBlockingQueue queueCapacity: 1000 scheduler: class org.apache.hadoop.ipc.DefaultRpcScheduler
19/01/31 14:57:58 INFO ipc.Server: Starting Socket Reader #1 for port 9000
19/01/31 14:57:58 INFO namenode.FSNamesystem: Registered FSNamesystemState MBean
19/01/31 14:57:58 INFO namenode.LeaseManager: Number of blocks under construction: 0
19/01/31 14:57:58 INFO blockmanagement.BlockManager: initializing replication queues
19/01/31 14:57:58 INFO hdfs.StateChange: STATE* Leaving safe mode after 0 secs
19/01/31 14:57:58 INFO hdfs.StateChange: STATE* Network topology has 0 racks and 0 datanodes
19/01/31 14:57:58 INFO hdfs.StateChange: STATE* UnderReplicatedBlocks has 0 blocks
19/01/31 14:57:58 INFO blockmanagement.BlockManager: Total number of blocks            = 0
19/01/31 14:57:58 INFO blockmanagement.BlockManager: Number of invalid blocks          = 0
19/01/31 14:57:58 INFO blockmanagement.BlockManager: Number of under-replicated blocks = 0
19/01/31 14:57:58 INFO blockmanagement.BlockManager: Number of  over-replicated blocks = 0
19/01/31 14:57:58 INFO blockmanagement.BlockManager: Number of blocks being written    = 0
19/01/31 14:57:58 INFO hdfs.StateChange: STATE* Replication Queue initialization scan for invalid, over- and under-replicated blocks completed in 10 msec
19/01/31 14:57:58 INFO ipc.Server: IPC Server Responder: starting
19/01/31 14:57:58 INFO ipc.Server: IPC Server listener on 9000: starting
19/01/31 14:57:58 INFO namenode.NameNode: NameNode RPC up at: shen-52/128.143.137.66:9000
19/01/31 14:57:58 INFO namenode.FSNamesystem: Starting services required for active state
19/01/31 14:57:58 INFO namenode.FSDirectory: Initializing quota with 4 thread(s)
19/01/31 14:57:58 INFO namenode.FSDirectory: Quota initialization completed in 3 milliseconds
name space=1
storage space=0
storage types=RAM_DISK=0, SSD=0, DISK=0, ARCHIVE=0
19/01/31 14:57:58 INFO blockmanagement.CacheReplicationMonitor: Starting CacheReplicationMonitor with interval 30000 milliseconds
19/01/31 14:57:58 INFO hdfs.StateChange: BLOCK* registerDatanode: from DatanodeRegistration(128.143.137.169:50010, datanodeUuid=1948f8df-b128-4392-81c5-ecdb0190648a, infoPort=50075, infoSecurePort=0, ipcPort=50020, storageInfo=lv=-57;cid=CID-c99eb3fc-a9a6-47ea-b96b-2dff33a9aadf;nsid=880670686;c=1548950072770) storage 1948f8df-b128-4392-81c5-ecdb0190648a
19/01/31 14:57:58 INFO net.NetworkTopology: Adding a new node: /default-rack/128.143.137.169:50010
19/01/31 14:57:58 INFO blockmanagement.BlockReportLeaseManager: Registered DN 1948f8df-b128-4392-81c5-ecdb0190648a (128.143.137.169:50010).
19/01/31 14:57:58 INFO blockmanagement.DatanodeDescriptor: Adding new storage ID DS-da268649-672d-4903-9140-5e07e4f5e5c6 for DN 128.143.137.169:50010
19/01/31 14:57:58 INFO BlockStateChange: BLOCK* processReport 0xa543b6786b0f3efb: Processing first storage report for DS-da268649-672d-4903-9140-5e07e4f5e5c6 from datanode 1948f8df-b128-4392-81c5-ecdb0190648a
19/01/31 14:57:58 INFO BlockStateChange: BLOCK* processReport 0xa543b6786b0f3efb: from storage DS-da268649-672d-4903-9140-5e07e4f5e5c6 node DatanodeRegistration(128.143.137.169:50010, datanodeUuid=1948f8df-b128-4392-81c5-ecdb0190648a, infoPort=50075, infoSecurePort=0, ipcPort=50020, storageInfo=lv=-57;cid=CID-c99eb3fc-a9a6-47ea-b96b-2dff33a9aadf;nsid=880670686;c=1548950072770), blocks: 0, hasStaleStorage: false, processing time: 1 msecs, invalidatedBlocks: 0
